# Nmap 7.92 scan initiated Thu Oct 27 08:39:20 2022 as: nmap -p- -sC -sV --min-rate 5000 -oN nmap.out -v 10.129.2.1
Nmap scan report for 10.129.2.1
Host is up (0.045s latency).
Not shown: 65531 closed tcp ports (reset)
PORT      STATE SERVICE VERSION
22/tcp    open  ssh     OpenSSH 7.6p1 Ubuntu 4ubuntu0.3 (Ubuntu Linux; protocol 2.0)
| ssh-hostkey: 
|   2048 46:83:4f:f1:38:61:c0:1c:74:cb:b5:d1:4a:68:4d:77 (RSA)
|   256 2d:8d:27:d2:df:15:1a:31:53:05:fb:ff:f0:62:26:89 (ECDSA)
|_  256 ca:7c:82:aa:5a:d3:72:ca:8b:8a:38:3a:80:41:a0:45 (ED25519)
80/tcp    open  http    Apache httpd 2.4.29 ((Ubuntu))
| http-methods: 
|_  Supported Methods: HEAD GET POST OPTIONS
|_http-title: The Cyber Geek's Personal Website
|_http-favicon: Unknown favicon MD5: E234E3E8040EFB1ACD7028330A956EBF
|_http-server-header: Apache/2.4.29 (Ubuntu)
6379/tcp  open  redis   Redis key-value store 4.0.9
10000/tcp open  http    MiniServ 1.910 (Webmin httpd)
|_http-favicon: Unknown favicon MD5: 066AF1F6A59FCB67495B545A6B81F371
|_http-title: Site doesn't have a title (text/html; Charset=iso-8859-1).
| http-methods: 
|_  Supported Methods: GET HEAD POST OPTIONS
|_http-server-header: MiniServ/1.910
Service Info: OS: Linux; CPE: cpe:/o:linux:linux_kernel

Read data files from: /usr/bin/../share/nmap
Service detection performed. Please report any incorrect results at https://nmap.org/submit/ .
# Nmap done at Thu Oct 27 08:40:16 2022 -- 1 IP address (1 host up) scanned in 56.07 seconds
