# Nmap 7.92 scan initiated Wed Oct 26 13:24:56 2022 as: nmap -p- -sC -sV --min-rate 5000 -oN nmap.out -v 10.129.91.126
Nmap scan report for laboratory.htb (10.129.91.126)
Host is up (0.068s latency).
Not shown: 65532 filtered tcp ports (no-response)
PORT    STATE SERVICE  VERSION
22/tcp  open  ssh      OpenSSH 8.2p1 Ubuntu 4ubuntu0.1 (Ubuntu Linux; protocol 2.0)
| ssh-hostkey: 
|   3072 25:ba:64:8f:79:9d:5d:95:97:2c:1b:b2:5e:9b:55:0d (RSA)
|   256 28:00:89:05:55:f9:a2:ea:3c:7d:70:ea:4d:ea:60:0f (ECDSA)
|_  256 77:20:ff:e9:46:c0:68:92:1a:0b:21:29:d1:53:aa:87 (ED25519)
80/tcp  open  http     Apache httpd 2.4.41
| http-methods: 
|_  Supported Methods: GET HEAD POST OPTIONS
|_http-title: Did not follow redirect to https://laboratory.htb/
|_http-server-header: Apache/2.4.41 (Ubuntu)
443/tcp open  ssl/http Apache httpd 2.4.41 ((Ubuntu))
|_http-title: The Laboratory
| http-methods: 
|_  Supported Methods: POST OPTIONS HEAD GET
| ssl-cert: Subject: commonName=laboratory.htb
| Subject Alternative Name: DNS:git.laboratory.htb
| Issuer: commonName=laboratory.htb
| Public Key type: rsa
| Public Key bits: 4096
| Signature Algorithm: sha256WithRSAEncryption
| Not valid before: 2020-07-05T10:39:28
| Not valid after:  2024-03-03T10:39:28
| MD5:   2873 91a5 5022 f323 4b95 df98 b61a eb6c
|_SHA-1: 0875 3a7e eef6 8f50 0349 510d 9fbf abc3 c70a a1ca
| tls-alpn: 
|_  http/1.1
|_http-server-header: Apache/2.4.41 (Ubuntu)
|_ssl-date: TLS randomness does not represent time
Service Info: OS: Linux; CPE: cpe:/o:linux:linux_kernel

Read data files from: /usr/bin/../share/nmap
Service detection performed. Please report any incorrect results at https://nmap.org/submit/ .
# Nmap done at Wed Oct 26 13:25:39 2022 -- 1 IP address (1 host up) scanned in 43.63 seconds
