# Nmap 7.92 scan initiated Thu Oct 27 12:16:38 2022 as: nmap -p- -sC -sV --min-rate 5000 -oN nmap.out -v 10.129.227.120
Nmap scan report for 10.129.227.120
Host is up (0.11s latency).
Not shown: 65487 filtered tcp ports (no-response), 45 filtered tcp ports (host-prohibited)
PORT     STATE SERVICE VERSION
22/tcp   open  ssh     OpenSSH 7.4 (protocol 2.0)
| ssh-hostkey: 
|   2048 2a:8d:e2:92:8b:14:b6:3f:e4:2f:3a:47:43:23:8b:2b (RSA)
|   256 e7:5a:3a:97:8e:8e:72:87:69:a3:0d:d1:00:bc:1f:09 (ECDSA)
|_  256 01:d2:59:b2:66:0a:97:49:20:5f:1c:84:eb:81:ed:95 (ED25519)
80/tcp   open  http    nginx 1.12.2
|_http-title: Site doesn't have a title (text/html).
| http-methods: 
|_  Supported Methods: GET HEAD
|_http-server-header: nginx/1.12.2
9200/tcp open  http    nginx 1.12.2
|_http-favicon: Unknown favicon MD5: 6177BFB75B498E0BB356223ED76FFE43
|_http-title: Site doesn't have a title (application/json; charset=UTF-8).
| http-methods: 
|   Supported Methods: HEAD DELETE GET OPTIONS
|_  Potentially risky methods: DELETE
|_http-server-header: nginx/1.12.2

Read data files from: /usr/bin/../share/nmap
Service detection performed. Please report any incorrect results at https://nmap.org/submit/ .
# Nmap done at Thu Oct 27 12:17:38 2022 -- 1 IP address (1 host up) scanned in 60.08 seconds
